<?xml version="1.0" encoding="utf-8"?><testsuites name="pytest tests"><testsuite name="pytest" errors="0" failures="7" skipped="0" tests="29" time="15.851" timestamp="2026-03-02T09:14:51.643520+00:00" hostname="agent-env-2e62bc53-6333-433e-a141-705aad3c95dd"><testcase classname="backend.tests.test_rfc002_auth_ai_import.TestHealthCheck" name="test_api_health" time="0.315" /><testcase classname="backend.tests.test_rfc002_auth_ai_import.TestAuthentication" name="test_register_new_user" time="0.052" /><testcase classname="backend.tests.test_rfc002_auth_ai_import.TestAuthentication" name="test_login_with_credentials" time="0.093" /><testcase classname="backend.tests.test_rfc002_auth_ai_import.TestAuthentication" name="test_login_invalid_credentials" time="0.042" /><testcase classname="backend.tests.test_rfc002_auth_ai_import.TestAuthentication" name="test_demo_admin_login" time="0.089" /><testcase classname="backend.tests.test_rfc002_auth_ai_import.TestAuthentication" name="test_demo_dispatcher_login" time="0.089" /><testcase classname="backend.tests.test_rfc002_auth_ai_import.TestAuthentication" name="test_demo_technician_login" time="0.088" /><testcase classname="backend.tests.test_rfc002_auth_ai_import.TestAuthentication" name="test_demo_sales_login" time="0.088" /><testcase classname="backend.tests.test_rfc002_auth_ai_import.TestAuthentication" name="test_get_me_authenticated" time="0.047" /><testcase classname="backend.tests.test_rfc002_auth_ai_import.TestAuthentication" name="test_get_me_unauthenticated" time="0.135" /><testcase classname="backend.tests.test_rfc002_auth_ai_import.TestAuthentication" name="test_google_session_exchange_invalid" time="0.155" /><testcase classname="backend.tests.test_rfc002_auth_ai_import.TestAuthentication" name="test_google_session_exchange_missing_session_id" time="0.042" /><testcase classname="backend.tests.test_rfc002_auth_ai_import.TestAIFeatures" name="test_ai_job_summary" time="4.184" /><testcase classname="backend.tests.test_rfc002_auth_ai_import.TestAIFeatures" name="test_ai_scheduling_suggestions" time="3.854" /><testcase classname="backend.tests.test_rfc002_auth_ai_import.TestAIFeatures" name="test_ai_predictive_maintenance" time="5.773" /><testcase classname="backend.tests.test_rfc002_auth_ai_import.TestImportWizard" name="test_get_customers_template" time="0.050"><failure message="AssertionError: Get customers template failed: {&quot;detail&quot;:&quot;Not Found&quot;}&#10;assert 404 == 200&#10; +  where 404 = &lt;Response [404]&gt;.status_code">backend/tests/test_rfc002_auth_ai_import.py:346: in test_get_customers_template
    assert response.status_code == 200, f"Get customers template failed: {response.text}"
E   AssertionError: Get customers template failed: {"detail":"Not Found"}
E   assert 404 == 200
E    +  where 404 = &lt;Response [404]&gt;.status_code</failure></testcase><testcase classname="backend.tests.test_rfc002_auth_ai_import.TestImportWizard" name="test_get_leads_template" time="0.043"><failure message="AssertionError: Get leads template failed: {&quot;detail&quot;:&quot;Not Found&quot;}&#10;assert 404 == 200&#10; +  where 404 = &lt;Response [404]&gt;.status_code">backend/tests/test_rfc002_auth_ai_import.py:358: in test_get_leads_template
    assert response.status_code == 200, f"Get leads template failed: {response.text}"
E   AssertionError: Get leads template failed: {"detail":"Not Found"}
E   assert 404 == 200
E    +  where 404 = &lt;Response [404]&gt;.status_code</failure></testcase><testcase classname="backend.tests.test_rfc002_auth_ai_import.TestImportWizard" name="test_get_jobs_template" time="0.051"><failure message="AssertionError: Get jobs template failed: {&quot;detail&quot;:&quot;Not Found&quot;}&#10;assert 404 == 200&#10; +  where 404 = &lt;Response [404]&gt;.status_code">backend/tests/test_rfc002_auth_ai_import.py:368: in test_get_jobs_template
    assert response.status_code == 200, f"Get jobs template failed: {response.text}"
E   AssertionError: Get jobs template failed: {"detail":"Not Found"}
E   assert 404 == 200
E    +  where 404 = &lt;Response [404]&gt;.status_code</failure></testcase><testcase classname="backend.tests.test_rfc002_auth_ai_import.TestImportWizard" name="test_get_inventory_template" time="0.044"><failure message="AssertionError: Get inventory template failed: {&quot;detail&quot;:&quot;Not Found&quot;}&#10;assert 404 == 200&#10; +  where 404 = &lt;Response [404]&gt;.status_code">backend/tests/test_rfc002_auth_ai_import.py:378: in test_get_inventory_template
    assert response.status_code == 200, f"Get inventory template failed: {response.text}"
E   AssertionError: Get inventory template failed: {"detail":"Not Found"}
E   assert 404 == 200
E    +  where 404 = &lt;Response [404]&gt;.status_code</failure></testcase><testcase classname="backend.tests.test_rfc002_auth_ai_import.TestImportWizard" name="test_get_equipment_template" time="0.042"><failure message="AssertionError: Get equipment template failed: {&quot;detail&quot;:&quot;Not Found&quot;}&#10;assert 404 == 200&#10; +  where 404 = &lt;Response [404]&gt;.status_code">backend/tests/test_rfc002_auth_ai_import.py:388: in test_get_equipment_template
    assert response.status_code == 200, f"Get equipment template failed: {response.text}"
E   AssertionError: Get equipment template failed: {"detail":"Not Found"}
E   assert 404 == 200
E    +  where 404 = &lt;Response [404]&gt;.status_code</failure></testcase><testcase classname="backend.tests.test_rfc002_auth_ai_import.TestImportWizard" name="test_validate_customers_import" time="0.043"><failure message="AssertionError: Validate customers failed: {&quot;detail&quot;:&quot;Not Found&quot;}&#10;assert 404 == 200&#10; +  where 404 = &lt;Response [404]&gt;.status_code">backend/tests/test_rfc002_auth_ai_import.py:403: in test_validate_customers_import
    assert response.status_code == 200, f"Validate customers failed: {response.text}"
E   AssertionError: Validate customers failed: {"detail":"Not Found"}
E   assert 404 == 200
E    +  where 404 = &lt;Response [404]&gt;.status_code</failure></testcase><testcase classname="backend.tests.test_rfc002_auth_ai_import.TestImportWizard" name="test_validate_leads_import" time="0.048"><failure message="AssertionError: Validate leads failed: {&quot;detail&quot;:&quot;Not Found&quot;}&#10;assert 404 == 200&#10; +  where 404 = &lt;Response [404]&gt;.status_code">backend/tests/test_rfc002_auth_ai_import.py:421: in test_validate_leads_import
    assert response.status_code == 200, f"Validate leads failed: {response.text}"
E   AssertionError: Validate leads failed: {"detail":"Not Found"}
E   assert 404 == 200
E    +  where 404 = &lt;Response [404]&gt;.status_code</failure></testcase><testcase classname="backend.tests.test_rfc002_auth_ai_import.TestInvoices" name="test_get_invoices" time="0.045" /><testcase classname="backend.tests.test_rfc002_auth_ai_import.TestInvoices" name="test_create_invoice" time="0.054" /><testcase classname="backend.tests.test_rfc002_auth_ai_import.TestInvoices" name="test_get_payments" time="0.046" /><testcase classname="backend.tests.test_rfc002_auth_ai_import.TestVendors" name="test_get_vendors" time="0.044" /><testcase classname="backend.tests.test_rfc002_auth_ai_import.TestVendors" name="test_create_vendor" time="0.051" /><testcase classname="backend.tests.test_rfc002_auth_ai_import.TestVendors" name="test_get_purchase_orders" time="0.046" /><testcase classname="backend.tests.test_rfc002_auth_ai_import.TestSystemSettings" name="test_get_system_settings" time="0.045" /></testsuite></testsuites>