<?xml version="1.0" encoding="utf-8"?><testsuites name="pytest tests"><testsuite name="pytest" errors="0" failures="0" skipped="0" tests="29" time="16.201" timestamp="2026-03-02T09:19:49.707828+00:00" hostname="agent-env-2e62bc53-6333-433e-a141-705aad3c95dd"><testcase classname="backend.tests.test_rfc002_auth_ai_import.TestHealthCheck" name="test_api_health" time="0.203" /><testcase classname="backend.tests.test_rfc002_auth_ai_import.TestAuthentication" name="test_register_new_user" time="0.051" /><testcase classname="backend.tests.test_rfc002_auth_ai_import.TestAuthentication" name="test_login_with_credentials" time="0.101" /><testcase classname="backend.tests.test_rfc002_auth_ai_import.TestAuthentication" name="test_login_invalid_credentials" time="0.050" /><testcase classname="backend.tests.test_rfc002_auth_ai_import.TestAuthentication" name="test_demo_admin_login" time="0.101" /><testcase classname="backend.tests.test_rfc002_auth_ai_import.TestAuthentication" name="test_demo_dispatcher_login" time="0.097" /><testcase classname="backend.tests.test_rfc002_auth_ai_import.TestAuthentication" name="test_demo_technician_login" time="0.098" /><testcase classname="backend.tests.test_rfc002_auth_ai_import.TestAuthentication" name="test_demo_sales_login" time="0.101" /><testcase classname="backend.tests.test_rfc002_auth_ai_import.TestAuthentication" name="test_get_me_authenticated" time="0.051" /><testcase classname="backend.tests.test_rfc002_auth_ai_import.TestAuthentication" name="test_get_me_unauthenticated" time="0.124" /><testcase classname="backend.tests.test_rfc002_auth_ai_import.TestAuthentication" name="test_google_session_exchange_invalid" time="0.138" /><testcase classname="backend.tests.test_rfc002_auth_ai_import.TestAuthentication" name="test_google_session_exchange_missing_session_id" time="0.046" /><testcase classname="backend.tests.test_rfc002_auth_ai_import.TestAIFeatures" name="test_ai_job_summary" time="3.983" /><testcase classname="backend.tests.test_rfc002_auth_ai_import.TestAIFeatures" name="test_ai_scheduling_suggestions" time="4.234" /><testcase classname="backend.tests.test_rfc002_auth_ai_import.TestAIFeatures" name="test_ai_predictive_maintenance" time="6.066" /><testcase classname="backend.tests.test_rfc002_auth_ai_import.TestImportWizard" name="test_get_customers_template" time="0.057" /><testcase classname="backend.tests.test_rfc002_auth_ai_import.TestImportWizard" name="test_get_leads_template" time="0.047" /><testcase classname="backend.tests.test_rfc002_auth_ai_import.TestImportWizard" name="test_get_jobs_template" time="0.049" /><testcase classname="backend.tests.test_rfc002_auth_ai_import.TestImportWizard" name="test_get_inventory_template" time="0.046" /><testcase classname="backend.tests.test_rfc002_auth_ai_import.TestImportWizard" name="test_get_equipment_template" time="0.050" /><testcase classname="backend.tests.test_rfc002_auth_ai_import.TestImportWizard" name="test_validate_customers_import" time="0.047" /><testcase classname="backend.tests.test_rfc002_auth_ai_import.TestImportWizard" name="test_validate_leads_import" time="0.046" /><testcase classname="backend.tests.test_rfc002_auth_ai_import.TestInvoices" name="test_get_invoices" time="0.048" /><testcase classname="backend.tests.test_rfc002_auth_ai_import.TestInvoices" name="test_create_invoice" time="0.048" /><testcase classname="backend.tests.test_rfc002_auth_ai_import.TestInvoices" name="test_get_payments" time="0.048" /><testcase classname="backend.tests.test_rfc002_auth_ai_import.TestVendors" name="test_get_vendors" time="0.049" /><testcase classname="backend.tests.test_rfc002_auth_ai_import.TestVendors" name="test_create_vendor" time="0.047" /><testcase classname="backend.tests.test_rfc002_auth_ai_import.TestVendors" name="test_get_purchase_orders" time="0.043" /><testcase classname="backend.tests.test_rfc002_auth_ai_import.TestSystemSettings" name="test_get_system_settings" time="0.047" /></testsuite></testsuites>