<?xml version="1.0" encoding="utf-8"?><testsuites name="pytest tests"><testsuite name="pytest" errors="0" failures="0" skipped="0" tests="23" time="2.563" timestamp="2026-03-02T18:23:37.350863+00:00" hostname="agent-env-35112b49-76b8-44d5-b041-fdb696572c58"><testcase classname="backend.tests.test_chat_inventory.TestChatMessages" name="test_get_internal_messages_empty" time="0.267" /><testcase classname="backend.tests.test_chat_inventory.TestChatMessages" name="test_get_customer_messages_empty" time="0.062" /><testcase classname="backend.tests.test_chat_inventory.TestChatMessages" name="test_post_internal_message" time="0.068" /><testcase classname="backend.tests.test_chat_inventory.TestChatMessages" name="test_post_customer_message" time="0.081" /><testcase classname="backend.tests.test_chat_inventory.TestChatMessages" name="test_get_internal_messages_after_post" time="0.056" /><testcase classname="backend.tests.test_chat_inventory.TestChatMessages" name="test_invalid_channel_returns_400" time="0.058" /><testcase classname="backend.tests.test_chat_inventory.TestChatMessages" name="test_invalid_job_id_returns_400" time="0.085" /><testcase classname="backend.tests.test_chat_inventory.TestChatMessages" name="test_get_chat_threads" time="0.109" /><testcase classname="backend.tests.test_chat_inventory.TestChatMessages" name="test_get_unread_counts" time="0.064" /><testcase classname="backend.tests.test_chat_inventory.TestInventoryLocations" name="test_get_locations_empty_or_list" time="0.059" /><testcase classname="backend.tests.test_chat_inventory.TestInventoryLocations" name="test_create_warehouse_location" time="0.082" /><testcase classname="backend.tests.test_chat_inventory.TestInventoryLocations" name="test_create_truck_location" time="0.081" /><testcase classname="backend.tests.test_chat_inventory.TestInventoryLocations" name="test_get_locations_after_create" time="0.062" /><testcase classname="backend.tests.test_chat_inventory.TestInventoryLocations" name="test_update_location" time="0.143" /><testcase classname="backend.tests.test_chat_inventory.TestInventoryLocations" name="test_invalid_location_id_returns_400" time="0.064" /><testcase classname="backend.tests.test_chat_inventory.TestInventoryStock" name="test_get_location_stock_empty" time="0.143" /><testcase classname="backend.tests.test_chat_inventory.TestInventoryStock" name="test_invalid_location_stock_returns_400" time="0.081" /><testcase classname="backend.tests.test_chat_inventory.TestInventoryTransfers" name="test_get_transfers_empty_or_list" time="0.148" /><testcase classname="backend.tests.test_chat_inventory.TestInventoryTransfers" name="test_create_transfer" time="0.258" /><testcase classname="backend.tests.test_chat_inventory.TestInventoryTransfers" name="test_get_transfers_after_create" time="0.113" /><testcase classname="backend.tests.test_chat_inventory.TestInventoryTransfers" name="test_get_transfers_by_status" time="0.119" /><testcase classname="backend.tests.test_chat_inventory.TestInventoryTransfers" name="test_invalid_transfer_id_returns_400" time="0.103" /><testcase classname="backend.tests.test_chat_inventory.TestCleanup" name="test_cleanup_info" time="0.169" /></testsuite></testsuites>