<?xml version="1.0" encoding="utf-8"?><testsuites name="pytest tests"><testsuite name="pytest" errors="0" failures="9" skipped="0" tests="23" time="2.443" timestamp="2026-03-02T18:23:10.388204+00:00" hostname="agent-env-35112b49-76b8-44d5-b041-fdb696572c58"><testcase classname="backend.tests.test_chat_inventory.TestChatMessages" name="test_get_internal_messages_empty" time="0.328" /><testcase classname="backend.tests.test_chat_inventory.TestChatMessages" name="test_get_customer_messages_empty" time="0.114" /><testcase classname="backend.tests.test_chat_inventory.TestChatMessages" name="test_post_internal_message" time="0.053"><failure message="AssertionError: Expected 200, got 401: {&quot;detail&quot;:&quot;Not authenticated&quot;,&quot;status_code&quot;:401}&#10;assert 401 == 200&#10; +  where 401 = &lt;Response [401]&gt;.status_code">backend/tests/test_chat_inventory.py:117: in test_post_internal_message
    assert response.status_code == 200, f"Expected 200, got {response.status_code}: {response.text}"
E   AssertionError: Expected 200, got 401: {"detail":"Not authenticated","status_code":401}
E   assert 401 == 200
E    +  where 401 = &lt;Response [401]&gt;.status_code</failure></testcase><testcase classname="backend.tests.test_chat_inventory.TestChatMessages" name="test_post_customer_message" time="0.058"><failure message="AssertionError: Expected 200, got 401: {&quot;detail&quot;:&quot;Not authenticated&quot;,&quot;status_code&quot;:401}&#10;assert 401 == 200&#10; +  where 401 = &lt;Response [401]&gt;.status_code">backend/tests/test_chat_inventory.py:131: in test_post_customer_message
    assert response.status_code == 200, f"Expected 200, got {response.status_code}: {response.text}"
E   AssertionError: Expected 200, got 401: {"detail":"Not authenticated","status_code":401}
E   assert 401 == 200
E    +  where 401 = &lt;Response [401]&gt;.status_code</failure></testcase><testcase classname="backend.tests.test_chat_inventory.TestChatMessages" name="test_get_internal_messages_after_post" time="0.061"><failure message="AssertionError: Should have at least one test message&#10;assert 0 &gt;= 1&#10; +  where 0 = len([])">backend/tests/test_chat_inventory.py:146: in test_get_internal_messages_after_post
    assert len(test_messages) &gt;= 1, "Should have at least one test message"
E   AssertionError: Should have at least one test message
E   assert 0 &gt;= 1
E    +  where 0 = len([])</failure></testcase><testcase classname="backend.tests.test_chat_inventory.TestChatMessages" name="test_invalid_channel_returns_400" time="0.061"><failure message="AssertionError: Expected 400 for invalid channel, got 401&#10;assert 401 == 400&#10; +  where 401 = &lt;Response [401]&gt;.status_code">backend/tests/test_chat_inventory.py:155: in test_invalid_channel_returns_400
    assert response.status_code == 400, f"Expected 400 for invalid channel, got {response.status_code}"
E   AssertionError: Expected 400 for invalid channel, got 401
E   assert 401 == 400
E    +  where 401 = &lt;Response [401]&gt;.status_code</failure></testcase><testcase classname="backend.tests.test_chat_inventory.TestChatMessages" name="test_invalid_job_id_returns_400" time="0.066"><failure message="AssertionError: Expected 400 for invalid job ID, got 401&#10;assert 401 == 400&#10; +  where 401 = &lt;Response [401]&gt;.status_code">backend/tests/test_chat_inventory.py:163: in test_invalid_job_id_returns_400
    assert response.status_code == 400, f"Expected 400 for invalid job ID, got {response.status_code}"
E   AssertionError: Expected 400 for invalid job ID, got 401
E   assert 401 == 400
E    +  where 401 = &lt;Response [401]&gt;.status_code</failure></testcase><testcase classname="backend.tests.test_chat_inventory.TestChatMessages" name="test_get_chat_threads" time="0.060" /><testcase classname="backend.tests.test_chat_inventory.TestChatMessages" name="test_get_unread_counts" time="0.052"><failure message="AssertionError: Expected 200, got 401: {&quot;detail&quot;:&quot;Not authenticated&quot;,&quot;status_code&quot;:401}&#10;assert 401 == 200&#10; +  where 401 = &lt;Response [401]&gt;.status_code">backend/tests/test_chat_inventory.py:176: in test_get_unread_counts
    assert response.status_code == 200, f"Expected 200, got {response.status_code}: {response.text}"
E   AssertionError: Expected 200, got 401: {"detail":"Not authenticated","status_code":401}
E   assert 401 == 200
E    +  where 401 = &lt;Response [401]&gt;.status_code</failure></testcase><testcase classname="backend.tests.test_chat_inventory.TestInventoryLocations" name="test_get_locations_empty_or_list" time="0.072" /><testcase classname="backend.tests.test_chat_inventory.TestInventoryLocations" name="test_create_warehouse_location" time="0.056" /><testcase classname="backend.tests.test_chat_inventory.TestInventoryLocations" name="test_create_truck_location" time="0.055" /><testcase classname="backend.tests.test_chat_inventory.TestInventoryLocations" name="test_get_locations_after_create" time="0.063" /><testcase classname="backend.tests.test_chat_inventory.TestInventoryLocations" name="test_update_location" time="0.126" /><testcase classname="backend.tests.test_chat_inventory.TestInventoryLocations" name="test_invalid_location_id_returns_400" time="0.372" /><testcase classname="backend.tests.test_chat_inventory.TestInventoryStock" name="test_get_location_stock_empty" time="0.105" /><testcase classname="backend.tests.test_chat_inventory.TestInventoryStock" name="test_invalid_location_stock_returns_400" time="0.056" /><testcase classname="backend.tests.test_chat_inventory.TestInventoryTransfers" name="test_get_transfers_empty_or_list" time="0.082" /><testcase classname="backend.tests.test_chat_inventory.TestInventoryTransfers" name="test_create_transfer" time="0.176"><failure message="AssertionError: Expected 200, got 401: {&quot;detail&quot;:&quot;Not authenticated&quot;,&quot;status_code&quot;:401}&#10;assert 401 == 200&#10; +  where 401 = &lt;Response [401]&gt;.status_code">backend/tests/test_chat_inventory.py:337: in test_create_transfer
    assert response.status_code == 200, f"Expected 200, got {response.status_code}: {response.text}"
E   AssertionError: Expected 200, got 401: {"detail":"Not authenticated","status_code":401}
E   assert 401 == 200
E    +  where 401 = &lt;Response [401]&gt;.status_code</failure></testcase><testcase classname="backend.tests.test_chat_inventory.TestInventoryTransfers" name="test_get_transfers_after_create" time="0.064"><failure message="AssertionError: Should have at least 1 test transfer&#10;assert 0 &gt;= 1&#10; +  where 0 = len([])">backend/tests/test_chat_inventory.py:350: in test_get_transfers_after_create
    assert len(test_transfers) &gt;= 1, "Should have at least 1 test transfer"
E   AssertionError: Should have at least 1 test transfer
E   assert 0 &gt;= 1
E    +  where 0 = len([])</failure></testcase><testcase classname="backend.tests.test_chat_inventory.TestInventoryTransfers" name="test_get_transfers_by_status" time="0.055" /><testcase classname="backend.tests.test_chat_inventory.TestInventoryTransfers" name="test_invalid_transfer_id_returns_400" time="0.051"><failure message="AssertionError: Expected 400 for invalid ID, got 401&#10;assert 401 == 400&#10; +  where 401 = &lt;Response [401]&gt;.status_code">backend/tests/test_chat_inventory.py:367: in test_invalid_transfer_id_returns_400
    assert response.status_code == 400, f"Expected 400 for invalid ID, got {response.status_code}"
E   AssertionError: Expected 400 for invalid ID, got 401
E   assert 401 == 400
E    +  where 401 = &lt;Response [401]&gt;.status_code</failure></testcase><testcase classname="backend.tests.test_chat_inventory.TestCleanup" name="test_cleanup_info" time="0.108" /></testsuite></testsuites>