<?xml version="1.0" encoding="utf-8"?><testsuites name="pytest tests"><testsuite name="pytest" errors="0" failures="0" skipped="0" tests="17" time="2.280" timestamp="2026-03-02T09:43:38.671388+00:00" hostname="agent-env-2e62bc53-6333-433e-a141-705aad3c95dd"><testcase classname="tests.test_checklists_reports_stripe.TestReportsAPI" name="test_reports_summary_endpoint" time="0.132" /><testcase classname="tests.test_checklists_reports_stripe.TestReportsAPI" name="test_reports_query_jobs" time="0.103" /><testcase classname="tests.test_checklists_reports_stripe.TestReportsAPI" name="test_reports_query_customers" time="0.110" /><testcase classname="tests.test_checklists_reports_stripe.TestReportsAPI" name="test_reports_query_invoices" time="0.113" /><testcase classname="tests.test_checklists_reports_stripe.TestReportsAPI" name="test_reports_query_with_filter" time="0.139" /><testcase classname="tests.test_checklists_reports_stripe.TestReportsAPI" name="test_reports_query_invalid_source" time="0.102" /><testcase classname="tests.test_checklists_reports_stripe.TestReportsAPI" name="test_reports_query_missing_source" time="0.091" /><testcase classname="tests.test_checklists_reports_stripe.TestStripePaymentsAPI" name="test_checkout_create_endpoint_exists" time="0.091" /><testcase classname="tests.test_checklists_reports_stripe.TestStripePaymentsAPI" name="test_checkout_create_missing_invoice_id" time="0.134" /><testcase classname="tests.test_checklists_reports_stripe.TestStripePaymentsAPI" name="test_checkout_create_missing_origin_url" time="0.099" /><testcase classname="tests.test_checklists_reports_stripe.TestStripePaymentsAPI" name="test_checkout_status_endpoint_exists" time="0.410" /><testcase classname="tests.test_checklists_reports_stripe.TestJobsForChecklists" name="test_get_jobs_list" time="0.109" /><testcase classname="tests.test_checklists_reports_stripe.TestJobsForChecklists" name="test_get_jobs_with_status_filter" time="0.106" /><testcase classname="tests.test_checklists_reports_stripe.TestJobTypesForChecklists" name="test_get_job_types" time="0.097" /><testcase classname="tests.test_checklists_reports_stripe.TestJobChecklistAPI" name="test_checklist_endpoint_exists" time="0.198" /><testcase classname="tests.test_checklists_reports_stripe.TestInvoicesForPayments" name="test_get_invoices_list" time="0.099" /><testcase classname="tests.test_checklists_reports_stripe.TestInvoicesForPayments" name="test_invoice_has_balance_due" time="0.097" /></testsuite></testsuites>