<?xml version="1.0" encoding="utf-8"?><testsuites name="pytest tests"><testsuite name="pytest" errors="0" failures="4" skipped="0" tests="17" time="2.571" timestamp="2026-03-02T09:43:09.433081+00:00" hostname="agent-env-2e62bc53-6333-433e-a141-705aad3c95dd"><testcase classname="tests.test_checklists_reports_stripe.TestReportsAPI" name="test_reports_summary_endpoint" time="0.254" /><testcase classname="tests.test_checklists_reports_stripe.TestReportsAPI" name="test_reports_query_jobs" time="0.147"><failure message="AssertionError: Expected 200, got 500: {&quot;detail&quot;:&quot;Internal server error&quot;,&quot;status_code&quot;:500}&#10;assert 500 == 200&#10; +  where 500 = &lt;Response [500]&gt;.status_code">tests/test_checklists_reports_stripe.py:35: in test_reports_query_jobs
    assert response.status_code == 200, f"Expected 200, got {response.status_code}: {response.text}"
E   AssertionError: Expected 200, got 500: {"detail":"Internal server error","status_code":500}
E   assert 500 == 200
E    +  where 500 = &lt;Response [500]&gt;.status_code</failure></testcase><testcase classname="tests.test_checklists_reports_stripe.TestReportsAPI" name="test_reports_query_customers" time="0.103"><failure message="AssertionError: Expected 200, got 500: {&quot;detail&quot;:&quot;Internal server error&quot;,&quot;status_code&quot;:500}&#10;assert 500 == 200&#10; +  where 500 = &lt;Response [500]&gt;.status_code">tests/test_checklists_reports_stripe.py:51: in test_reports_query_customers
    assert response.status_code == 200, f"Expected 200, got {response.status_code}: {response.text}"
E   AssertionError: Expected 200, got 500: {"detail":"Internal server error","status_code":500}
E   assert 500 == 200
E    +  where 500 = &lt;Response [500]&gt;.status_code</failure></testcase><testcase classname="tests.test_checklists_reports_stripe.TestReportsAPI" name="test_reports_query_invoices" time="0.152"><failure message="AssertionError: Expected 200, got 500: {&quot;detail&quot;:&quot;Internal server error&quot;,&quot;status_code&quot;:500}&#10;assert 500 == 200&#10; +  where 500 = &lt;Response [500]&gt;.status_code">tests/test_checklists_reports_stripe.py:65: in test_reports_query_invoices
    assert response.status_code == 200, f"Expected 200, got {response.status_code}: {response.text}"
E   AssertionError: Expected 200, got 500: {"detail":"Internal server error","status_code":500}
E   assert 500 == 200
E    +  where 500 = &lt;Response [500]&gt;.status_code</failure></testcase><testcase classname="tests.test_checklists_reports_stripe.TestReportsAPI" name="test_reports_query_with_filter" time="0.105"><failure message="AssertionError: Expected 200, got 500: {&quot;detail&quot;:&quot;Internal server error&quot;,&quot;status_code&quot;:500}&#10;assert 500 == 200&#10; +  where 500 = &lt;Response [500]&gt;.status_code">tests/test_checklists_reports_stripe.py:81: in test_reports_query_with_filter
    assert response.status_code == 200, f"Expected 200, got {response.status_code}: {response.text}"
E   AssertionError: Expected 200, got 500: {"detail":"Internal server error","status_code":500}
E   assert 500 == 200
E    +  where 500 = &lt;Response [500]&gt;.status_code</failure></testcase><testcase classname="tests.test_checklists_reports_stripe.TestReportsAPI" name="test_reports_query_invalid_source" time="0.098" /><testcase classname="tests.test_checklists_reports_stripe.TestReportsAPI" name="test_reports_query_missing_source" time="0.104" /><testcase classname="tests.test_checklists_reports_stripe.TestStripePaymentsAPI" name="test_checkout_create_endpoint_exists" time="0.104" /><testcase classname="tests.test_checklists_reports_stripe.TestStripePaymentsAPI" name="test_checkout_create_missing_invoice_id" time="0.100" /><testcase classname="tests.test_checklists_reports_stripe.TestStripePaymentsAPI" name="test_checkout_create_missing_origin_url" time="0.101" /><testcase classname="tests.test_checklists_reports_stripe.TestStripePaymentsAPI" name="test_checkout_status_endpoint_exists" time="0.455" /><testcase classname="tests.test_checklists_reports_stripe.TestJobsForChecklists" name="test_get_jobs_list" time="0.101" /><testcase classname="tests.test_checklists_reports_stripe.TestJobsForChecklists" name="test_get_jobs_with_status_filter" time="0.099" /><testcase classname="tests.test_checklists_reports_stripe.TestJobTypesForChecklists" name="test_get_job_types" time="0.136" /><testcase classname="tests.test_checklists_reports_stripe.TestJobChecklistAPI" name="test_checklist_endpoint_exists" time="0.209" /><testcase classname="tests.test_checklists_reports_stripe.TestInvoicesForPayments" name="test_get_invoices_list" time="0.098" /><testcase classname="tests.test_checklists_reports_stripe.TestInvoicesForPayments" name="test_invoice_has_balance_due" time="0.099" /></testsuite></testsuites>