<?xml version="1.0" encoding="utf-8"?><testsuites name="pytest tests"><testsuite name="pytest" errors="0" failures="0" skipped="0" tests="16" time="3.497" timestamp="2026-03-02T17:35:59.292684+00:00" hostname="agent-env-2e62bc53-6333-433e-a141-705aad3c95dd"><testcase classname="backend.tests.test_milestone_reschedule.TestMilestoneTemplates" name="test_get_milestone_templates" time="0.130" /><testcase classname="backend.tests.test_milestone_reschedule.TestMilestoneTemplates" name="test_default_templates_exist" time="0.116" /><testcase classname="backend.tests.test_milestone_reschedule.TestMilestoneTemplates" name="test_milestone_percentages_sum_to_100" time="0.118" /><testcase classname="backend.tests.test_milestone_reschedule.TestMilestoneTemplates" name="test_get_single_template" time="0.238" /><testcase classname="backend.tests.test_milestone_reschedule.TestMilestoneTemplates" name="test_get_invalid_template_returns_404" time="0.109" /><testcase classname="backend.tests.test_milestone_reschedule.TestMilestoneTemplates" name="test_create_milestone_template" time="0.260" /><testcase classname="backend.tests.test_milestone_reschedule.TestMilestoneTemplates" name="test_create_template_invalid_percentage" time="0.102" /><testcase classname="backend.tests.test_milestone_reschedule.TestRescheduleRequests" name="test_get_reschedule_requests" time="0.113" /><testcase classname="backend.tests.test_milestone_reschedule.TestRescheduleRequests" name="test_create_reschedule_request" time="0.355" /><testcase classname="backend.tests.test_milestone_reschedule.TestRescheduleRequests" name="test_create_reschedule_request_invalid_job" time="0.109" /><testcase classname="backend.tests.test_milestone_reschedule.TestRescheduleRequests" name="test_create_reschedule_request_missing_job_id" time="0.143" /><testcase classname="backend.tests.test_milestone_reschedule.TestRescheduleRequests" name="test_filter_reschedule_requests_by_status" time="0.144" /><testcase classname="backend.tests.test_milestone_reschedule.TestProjectBilling" name="test_get_projects" time="0.134" /><testcase classname="backend.tests.test_milestone_reschedule.TestProjectBilling" name="test_apply_billing_template" time="0.509" /><testcase classname="backend.tests.test_milestone_reschedule.TestSupportRequests" name="test_create_support_request" time="0.235" /><testcase classname="backend.tests.test_milestone_reschedule.TestSidebarNavigation" name="test_project_billing_endpoint_exists" time="0.597" /></testsuite></testsuites>