<?xml version="1.0" encoding="utf-8"?><testsuites name="pytest tests"><testsuite name="pytest" errors="0" failures="1" skipped="0" tests="16" time="3.557" timestamp="2026-03-02T17:35:35.591562+00:00" hostname="agent-env-2e62bc53-6333-433e-a141-705aad3c95dd"><testcase classname="backend.tests.test_milestone_reschedule.TestMilestoneTemplates" name="test_get_milestone_templates" time="0.193" /><testcase classname="backend.tests.test_milestone_reschedule.TestMilestoneTemplates" name="test_default_templates_exist" time="0.110"><failure message="AssertionError: Expected template containing '100' not found. Available: ['Equipment Only (50/50)', 'Full Payment on Completion', 'Large Project (20/30/30/20)', 'Standard Install (30/40/30)']&#10;assert False">backend/tests/test_milestone_reschedule.py:50: in test_default_templates_exist
    assert found, f"Expected template containing '{pattern}' not found. Available: {template_names}"
E   AssertionError: Expected template containing '100' not found. Available: ['Equipment Only (50/50)', 'Full Payment on Completion', 'Large Project (20/30/30/20)', 'Standard Install (30/40/30)']
E   assert False</failure></testcase><testcase classname="backend.tests.test_milestone_reschedule.TestMilestoneTemplates" name="test_milestone_percentages_sum_to_100" time="0.122" /><testcase classname="backend.tests.test_milestone_reschedule.TestMilestoneTemplates" name="test_get_single_template" time="0.339" /><testcase classname="backend.tests.test_milestone_reschedule.TestMilestoneTemplates" name="test_get_invalid_template_returns_404" time="0.131" /><testcase classname="backend.tests.test_milestone_reschedule.TestMilestoneTemplates" name="test_create_milestone_template" time="0.265" /><testcase classname="backend.tests.test_milestone_reschedule.TestMilestoneTemplates" name="test_create_template_invalid_percentage" time="0.176" /><testcase classname="backend.tests.test_milestone_reschedule.TestRescheduleRequests" name="test_get_reschedule_requests" time="0.160" /><testcase classname="backend.tests.test_milestone_reschedule.TestRescheduleRequests" name="test_create_reschedule_request" time="0.384" /><testcase classname="backend.tests.test_milestone_reschedule.TestRescheduleRequests" name="test_create_reschedule_request_invalid_job" time="0.109" /><testcase classname="backend.tests.test_milestone_reschedule.TestRescheduleRequests" name="test_create_reschedule_request_missing_job_id" time="0.110" /><testcase classname="backend.tests.test_milestone_reschedule.TestRescheduleRequests" name="test_filter_reschedule_requests_by_status" time="0.123" /><testcase classname="backend.tests.test_milestone_reschedule.TestProjectBilling" name="test_get_projects" time="0.116" /><testcase classname="backend.tests.test_milestone_reschedule.TestProjectBilling" name="test_apply_billing_template" time="0.480" /><testcase classname="backend.tests.test_milestone_reschedule.TestSupportRequests" name="test_create_support_request" time="0.261" /><testcase classname="backend.tests.test_milestone_reschedule.TestSidebarNavigation" name="test_project_billing_endpoint_exists" time="0.372" /></testsuite></testsuites>