<?xml version="1.0" encoding="utf-8"?><testsuites name="pytest tests"><testsuite name="pytest" errors="0" failures="0" skipped="0" tests="10" time="2.344" timestamp="2026-03-02T19:06:37.843386+00:00" hostname="agent-env-5f5d2f82-3d12-4f48-b0f6-95e0a1c14b0f"><testcase classname="backend.tests.test_p0_integrations.TestAuth" name="test_login_success" time="0.198" /><testcase classname="backend.tests.test_p0_integrations.TestPushNotifications" name="test_get_vapid_key" time="0.253" /><testcase classname="backend.tests.test_p0_integrations.TestPushNotifications" name="test_subscribe_to_push" time="0.114" /><testcase classname="backend.tests.test_p0_integrations.TestPushNotifications" name="test_get_subscriptions" time="0.129" /><testcase classname="backend.tests.test_p0_integrations.TestQuickBooksIntegration" name="test_get_quickbooks_status" time="0.227" /><testcase classname="backend.tests.test_p0_integrations.TestQuickBooksIntegration" name="test_get_sync_logs" time="0.124" /><testcase classname="backend.tests.test_p0_integrations.TestSystemSettings" name="test_get_system_settings" time="0.237" /><testcase classname="backend.tests.test_p0_integrations.TestSystemSettings" name="test_update_ai_settings" time="0.510" /><testcase classname="backend.tests.test_p0_integrations.TestSystemSettings" name="test_update_push_notification_settings" time="0.232" /><testcase classname="backend.tests.test_p0_integrations.TestRoles" name="test_get_roles" time="0.261" /></testsuite></testsuites>