<?xml version="1.0" encoding="utf-8"?><testsuites name="pytest tests"><testsuite name="pytest" errors="0" failures="0" skipped="0" tests="23" time="5.678" timestamp="2026-03-02T06:56:48.957256+00:00" hostname="agent-env-aee4a179-4eb3-4285-b6f5-dd78a8b9c516"><testcase classname="backend.tests.test_phase2_inventory.TestHealthCheck" name="test_api_health" time="0.206" /><testcase classname="backend.tests.test_phase2_inventory.TestInventoryCategories" name="test_get_inventory_categories" time="0.112" /><testcase classname="backend.tests.test_phase2_inventory.TestInventoryCategories" name="test_create_custom_category" time="0.213" /><testcase classname="backend.tests.test_phase2_inventory.TestInventoryItems" name="test_get_inventory_items" time="0.103" /><testcase classname="backend.tests.test_phase2_inventory.TestInventoryItems" name="test_create_inventory_item" time="0.223" /><testcase classname="backend.tests.test_phase2_inventory.TestInventoryItems" name="test_get_inventory_item_by_id" time="0.204" /><testcase classname="backend.tests.test_phase2_inventory.TestTrucks" name="test_get_trucks" time="0.110" /><testcase classname="backend.tests.test_phase2_inventory.TestTrucks" name="test_get_truck_by_technician" time="0.207" /><testcase classname="backend.tests.test_phase2_inventory.TestTruckInventory" name="test_get_truck_inventory" time="0.223" /><testcase classname="backend.tests.test_phase2_inventory.TestTruckInventory" name="test_add_item_to_truck" time="0.326" /><testcase classname="backend.tests.test_phase2_inventory.TestStockCheck" name="test_check_stock_check_required" time="0.226" /><testcase classname="backend.tests.test_phase2_inventory.TestStockCheck" name="test_submit_stock_check" time="0.469" /><testcase classname="backend.tests.test_phase2_inventory.TestRestockRequests" name="test_get_restock_requests" time="0.126" /><testcase classname="backend.tests.test_phase2_inventory.TestRestockRequests" name="test_create_restock_request" time="0.437" /><testcase classname="backend.tests.test_phase2_inventory.TestJLoadCalculator" name="test_quick_estimate" time="0.108" /><testcase classname="backend.tests.test_phase2_inventory.TestJLoadCalculator" name="test_quick_estimate_different_climate_zones" time="0.457" /><testcase classname="backend.tests.test_phase2_inventory.TestJLoadCalculator" name="test_create_manual_j_calculation" time="0.235" /><testcase classname="backend.tests.test_phase2_inventory.TestEquipmentUsage" name="test_create_equipment_usage" time="0.517" /><testcase classname="backend.tests.test_phase2_inventory.TestEquipmentUsage" name="test_approve_equipment_usage" time="0.313" /><testcase classname="backend.tests.test_phase2_inventory.TestInventoryAuditLog" name="test_get_audit_log" time="0.117" /><testcase classname="backend.tests.test_phase2_inventory.TestInventoryAuditLog" name="test_get_audit_log_with_filters" time="0.249" /><testcase classname="backend.tests.test_phase2_inventory.TestDataIntegrity" name="test_truck_technician_relationship" time="0.206" /><testcase classname="backend.tests.test_phase2_inventory.TestDataIntegrity" name="test_inventory_category_relationship" time="0.225" /></testsuite></testsuites>