<?xml version="1.0" encoding="utf-8"?><testsuites name="pytest tests"><testsuite name="pytest" errors="0" failures="4" skipped="0" tests="23" time="5.785" timestamp="2026-03-02T06:55:38.433344+00:00" hostname="agent-env-aee4a179-4eb3-4285-b6f5-dd78a8b9c516"><testcase classname="backend.tests.test_phase2_inventory.TestHealthCheck" name="test_api_health" time="0.222" /><testcase classname="backend.tests.test_phase2_inventory.TestInventoryCategories" name="test_get_inventory_categories" time="0.111" /><testcase classname="backend.tests.test_phase2_inventory.TestInventoryCategories" name="test_create_custom_category" time="0.229" /><testcase classname="backend.tests.test_phase2_inventory.TestInventoryItems" name="test_get_inventory_items" time="0.111" /><testcase classname="backend.tests.test_phase2_inventory.TestInventoryItems" name="test_create_inventory_item" time="0.222" /><testcase classname="backend.tests.test_phase2_inventory.TestInventoryItems" name="test_get_inventory_item_by_id" time="0.234" /><testcase classname="backend.tests.test_phase2_inventory.TestTrucks" name="test_get_trucks" time="0.119" /><testcase classname="backend.tests.test_phase2_inventory.TestTrucks" name="test_get_truck_by_technician" time="0.203" /><testcase classname="backend.tests.test_phase2_inventory.TestTruckInventory" name="test_get_truck_inventory" time="0.218"><failure message="assert 500 == 200&#10; +  where 500 = &lt;Response [500]&gt;.status_code">backend/tests/test_phase2_inventory.py:203: in test_get_truck_inventory
    assert response.status_code == 200
E   assert 500 == 200
E    +  where 500 = &lt;Response [500]&gt;.status_code</failure></testcase><testcase classname="backend.tests.test_phase2_inventory.TestTruckInventory" name="test_add_item_to_truck" time="0.326" /><testcase classname="backend.tests.test_phase2_inventory.TestStockCheck" name="test_check_stock_check_required" time="0.214" /><testcase classname="backend.tests.test_phase2_inventory.TestStockCheck" name="test_submit_stock_check" time="0.519" /><testcase classname="backend.tests.test_phase2_inventory.TestRestockRequests" name="test_get_restock_requests" time="0.108" /><testcase classname="backend.tests.test_phase2_inventory.TestRestockRequests" name="test_create_restock_request" time="0.455" /><testcase classname="backend.tests.test_phase2_inventory.TestJLoadCalculator" name="test_quick_estimate" time="0.104" /><testcase classname="backend.tests.test_phase2_inventory.TestJLoadCalculator" name="test_quick_estimate_different_climate_zones" time="0.430" /><testcase classname="backend.tests.test_phase2_inventory.TestJLoadCalculator" name="test_create_manual_j_calculation" time="0.102"><failure message="assert 500 == 200&#10; +  where 500 = &lt;Response [500]&gt;.status_code">backend/tests/test_phase2_inventory.py:431: in test_create_manual_j_calculation
    assert response.status_code == 200
E   assert 500 == 200
E    +  where 500 = &lt;Response [500]&gt;.status_code</failure></testcase><testcase classname="backend.tests.test_phase2_inventory.TestEquipmentUsage" name="test_create_equipment_usage" time="0.548" /><testcase classname="backend.tests.test_phase2_inventory.TestEquipmentUsage" name="test_approve_equipment_usage" time="0.361" /><testcase classname="backend.tests.test_phase2_inventory.TestInventoryAuditLog" name="test_get_audit_log" time="0.101"><failure message="assert 500 == 200&#10; +  where 500 = &lt;Response [500]&gt;.status_code">backend/tests/test_phase2_inventory.py:549: in test_get_audit_log
    assert response.status_code == 200
E   assert 500 == 200
E    +  where 500 = &lt;Response [500]&gt;.status_code</failure></testcase><testcase classname="backend.tests.test_phase2_inventory.TestInventoryAuditLog" name="test_get_audit_log_with_filters" time="0.261"><failure message="assert 500 == 200&#10; +  where 500 = &lt;Response [500]&gt;.status_code">backend/tests/test_phase2_inventory.py:573: in test_get_audit_log_with_filters
    assert response.status_code == 200
E   assert 500 == 200
E    +  where 500 = &lt;Response [500]&gt;.status_code</failure></testcase><testcase classname="backend.tests.test_phase2_inventory.TestDataIntegrity" name="test_truck_technician_relationship" time="0.208" /><testcase classname="backend.tests.test_phase2_inventory.TestDataIntegrity" name="test_inventory_category_relationship" time="0.216" /></testsuite></testsuites>