<?xml version="1.0" encoding="utf-8"?><testsuites name="pytest tests"><testsuite name="pytest" errors="0" failures="0" skipped="0" tests="29" time="2.393" timestamp="2026-03-02T07:30:40.148708+00:00" hostname="agent-env-aee4a179-4eb3-4285-b6f5-dd78a8b9c516"><testcase classname="backend.tests.test_phase3_features.TestMapsRouting" name="test_maps_config_not_configured" time="0.133" /><testcase classname="backend.tests.test_phase3_features.TestMapsRouting" name="test_route_calculation_fallback_with_coords" time="0.052" /><testcase classname="backend.tests.test_phase3_features.TestMapsRouting" name="test_route_calculation_fallback_no_coords" time="0.046" /><testcase classname="backend.tests.test_phase3_features.TestMaintenanceAgreements" name="test_get_maintenance_templates" time="0.050" /><testcase classname="backend.tests.test_phase3_features.TestMaintenanceAgreements" name="test_create_maintenance_agreement" time="0.052" /><testcase classname="backend.tests.test_phase3_features.TestMaintenanceAgreements" name="test_get_all_agreements" time="0.102" /><testcase classname="backend.tests.test_phase3_features.TestMaintenanceAgreements" name="test_get_agreement_by_id" time="0.056" /><testcase classname="backend.tests.test_phase3_features.TestMaintenanceAgreements" name="test_generate_jobs_from_agreement" time="0.061" /><testcase classname="backend.tests.test_phase3_features.TestMaintenanceAgreements" name="test_get_due_renewals" time="0.048" /><testcase classname="backend.tests.test_phase3_features.TestInstallProjects" name="test_create_install_project" time="0.136" /><testcase classname="backend.tests.test_phase3_features.TestInstallProjects" name="test_get_project_by_id" time="0.098" /><testcase classname="backend.tests.test_phase3_features.TestInstallProjects" name="test_add_phase_to_project" time="0.053" /><testcase classname="backend.tests.test_phase3_features.TestInstallProjects" name="test_update_phase_status" time="0.100" /><testcase classname="backend.tests.test_phase3_features.TestInstallProjects" name="test_get_gantt_data" time="0.053" /><testcase classname="backend.tests.test_phase3_features.TestCustomerPortal" name="test_register_customer" time="0.061" /><testcase classname="backend.tests.test_phase3_features.TestCustomerPortal" name="test_register_duplicate_email_fails" time="0.102" /><testcase classname="backend.tests.test_phase3_features.TestCustomerPortal" name="test_customer_login" time="0.053" /><testcase classname="backend.tests.test_phase3_features.TestCustomerPortal" name="test_customer_login_wrong_password" time="0.056" /><testcase classname="backend.tests.test_phase3_features.TestCustomerPortal" name="test_request_magic_link" time="0.050" /><testcase classname="backend.tests.test_phase3_features.TestCustomerPortal" name="test_verify_magic_link" time="0.112" /><testcase classname="backend.tests.test_phase3_features.TestCustomerPortal" name="test_create_service_request" time="0.053" /><testcase classname="backend.tests.test_phase3_features.TestCustomerPortal" name="test_get_customer_service_requests" time="0.053" /><testcase classname="backend.tests.test_phase3_features.TestCustomerPortal" name="test_get_customer_jobs" time="0.050" /><testcase classname="backend.tests.test_phase3_features.TestOfflineSync" name="test_sync_batch_create" time="0.051" /><testcase classname="backend.tests.test_phase3_features.TestOfflineSync" name="test_sync_batch_update" time="0.112" /><testcase classname="backend.tests.test_phase3_features.TestOfflineSync" name="test_get_sync_status" time="0.048" /><testcase classname="backend.tests.test_phase3_features.TestOfflineSync" name="test_sync_resolve_conflict" time="0.067" /><testcase classname="backend.tests.test_phase3_features.TestPhase3Integration" name="test_full_customer_flow" time="0.160" /><testcase classname="backend.tests.test_phase3_features.TestPhase3Integration" name="test_project_with_phases_flow" time="0.253" /></testsuite></testsuites>