<?xml version="1.0" encoding="utf-8"?><testsuites name="pytest tests"><testsuite name="pytest" errors="0" failures="0" skipped="6" tests="11" time="2.631" timestamp="2026-03-02T19:32:31.010725+00:00" hostname="agent-env-a93f6e69-e811-4291-ad76-0a335b221b5a"><testcase classname="backend.tests.test_pwa_features.TestPWAManifestAndServiceWorker" name="test_manifest_json_served" time="0.221" /><testcase classname="backend.tests.test_pwa_features.TestPWAManifestAndServiceWorker" name="test_manifest_icons_exist" time="1.174" /><testcase classname="backend.tests.test_pwa_features.TestPWAManifestAndServiceWorker" name="test_service_worker_served" time="0.145" /><testcase classname="backend.tests.test_pwa_features.TestPushNotificationEndpoints" name="test_vapid_key_endpoint" time="0.109"><skipped type="pytest.skip" message="Demo login failed - skipping authenticated tests">/app/backend/tests/test_pwa_features.py:68: Demo login failed - skipping authenticated tests</skipped></testcase><testcase classname="backend.tests.test_pwa_features.TestPushNotificationEndpoints" name="test_push_subscribe_endpoint" time="0.143"><skipped type="pytest.skip" message="Demo login failed - skipping authenticated tests">/app/backend/tests/test_pwa_features.py:78: Demo login failed - skipping authenticated tests</skipped></testcase><testcase classname="backend.tests.test_pwa_features.TestPushNotificationEndpoints" name="test_push_subscriptions_list" time="0.114"><skipped type="pytest.skip" message="Demo login failed - skipping authenticated tests">/app/backend/tests/test_pwa_features.py:102: Demo login failed - skipping authenticated tests</skipped></testcase><testcase classname="backend.tests.test_pwa_features.TestPushNotificationEndpoints" name="test_push_unsubscribe_endpoint" time="0.163"><skipped type="pytest.skip" message="Demo login failed - skipping authenticated tests">/app/backend/tests/test_pwa_features.py:110: Demo login failed - skipping authenticated tests</skipped></testcase><testcase classname="backend.tests.test_pwa_features.TestSystemSettingsPushConfig" name="test_system_settings_has_push_config" time="0.151"><skipped type="pytest.skip" message="Demo login failed - skipping authenticated tests">/app/backend/tests/test_pwa_features.py:146: Demo login failed - skipping authenticated tests</skipped></testcase><testcase classname="backend.tests.test_pwa_features.TestSystemSettingsPushConfig" name="test_update_push_notification_settings" time="0.120"><skipped type="pytest.skip" message="Demo login failed - skipping authenticated tests">/app/backend/tests/test_pwa_features.py:155: Demo login failed - skipping authenticated tests</skipped></testcase><testcase classname="backend.tests.test_pwa_features.TestPWAHealthCheck" name="test_api_health" time="0.104" /><testcase classname="backend.tests.test_pwa_features.TestPWAHealthCheck" name="test_frontend_loads" time="0.120" /></testsuite></testsuites>