<?xml version="1.0" encoding="utf-8"?><testsuites name="pytest tests"><testsuite name="pytest" errors="0" failures="0" skipped="0" tests="11" time="3.169" timestamp="2026-03-02T19:33:07.507842+00:00" hostname="agent-env-a93f6e69-e811-4291-ad76-0a335b221b5a"><testcase classname="backend.tests.test_pwa_features.TestPWAManifestAndServiceWorker" name="test_manifest_json_served" time="0.165" /><testcase classname="backend.tests.test_pwa_features.TestPWAManifestAndServiceWorker" name="test_manifest_icons_exist" time="1.073" /><testcase classname="backend.tests.test_pwa_features.TestPWAManifestAndServiceWorker" name="test_service_worker_served" time="0.112" /><testcase classname="backend.tests.test_pwa_features.TestPushNotificationEndpoints" name="test_vapid_key_endpoint" time="0.295" /><testcase classname="backend.tests.test_pwa_features.TestPushNotificationEndpoints" name="test_push_subscribe_endpoint" time="0.285" /><testcase classname="backend.tests.test_pwa_features.TestPushNotificationEndpoints" name="test_push_subscriptions_list" time="0.244" /><testcase classname="backend.tests.test_pwa_features.TestPushNotificationEndpoints" name="test_push_unsubscribe_endpoint" time="0.246" /><testcase classname="backend.tests.test_pwa_features.TestSystemSettingsPushConfig" name="test_system_settings_has_push_config" time="0.226" /><testcase classname="backend.tests.test_pwa_features.TestSystemSettingsPushConfig" name="test_update_push_notification_settings" time="0.229" /><testcase classname="backend.tests.test_pwa_features.TestPWAHealthCheck" name="test_api_health" time="0.108" /><testcase classname="backend.tests.test_pwa_features.TestPWAHealthCheck" name="test_frontend_loads" time="0.122" /></testsuite></testsuites>