<?xml version="1.0" encoding="utf-8"?><testsuites name="pytest tests"><testsuite name="pytest" errors="0" failures="1" skipped="0" tests="22" time="3.156" timestamp="2026-03-02T06:20:36.045581+00:00" hostname="agent-env-aee4a179-4eb3-4285-b6f5-dd78a8b9c516"><testcase classname="backend.tests.test_time_tracking.TestHealthCheck" name="test_api_health" time="0.171" /><testcase classname="backend.tests.test_time_tracking.TestShiftClockInOut" name="test_start_shift_without_location" time="0.254" /><testcase classname="backend.tests.test_time_tracking.TestShiftClockInOut" name="test_start_shift_with_location" time="0.155" /><testcase classname="backend.tests.test_time_tracking.TestShiftClockInOut" name="test_start_shift_duplicate_error" time="0.195" /><testcase classname="backend.tests.test_time_tracking.TestShiftClockInOut" name="test_end_shift_no_active" time="0.095" /><testcase classname="backend.tests.test_time_tracking.TestShiftClockInOut" name="test_end_shift_success" time="0.152" /><testcase classname="backend.tests.test_time_tracking.TestShiftClockInOut" name="test_get_active_shift_none" time="0.100" /><testcase classname="backend.tests.test_time_tracking.TestShiftClockInOut" name="test_get_active_shift_exists" time="0.191" /><testcase classname="backend.tests.test_time_tracking.TestShiftClockInOut" name="test_invalid_technician_id" time="0.077" /><testcase classname="backend.tests.test_time_tracking.TestShiftClockInOut" name="test_nonexistent_technician" time="0.054" /><testcase classname="backend.tests.test_time_tracking.TestJobTimeTracking" name="test_dispatch_to_job_without_shift" time="0.348" /><testcase classname="backend.tests.test_time_tracking.TestJobTimeTracking" name="test_dispatch_to_job_with_location" time="0.461" /><testcase classname="backend.tests.test_time_tracking.TestJobTimeTracking" name="test_full_job_flow" time="0.336"><failure message="AssertionError: assert 'f4bd7857-cc5...-fa40196f671d' == 'd3d9b96c-7ce...-c084ebe6615d'&#10;  &#10;  - d3d9b96c-7cee-48ea-85c4-c084ebe6615d&#10;  + f4bd7857-cc5f-4b97-b491-fa40196f671d">backend/tests/test_time_tracking.py:346: in test_full_job_flow
    assert active_data["entry"]["id"] == entry_id  # Verify it's the correct entry
    ^^^^^^^^^^^^^^^^^^^^^^^^^^^^^^^^^^^^^^^^^^^^^
E   AssertionError: assert 'f4bd7857-cc5...-fa40196f671d' == 'd3d9b96c-7ce...-c084ebe6615d'
E     
E     - d3d9b96c-7cee-48ea-85c4-c084ebe6615d
E     + f4bd7857-cc5f-4b97-b491-fa40196f671d</failure></testcase><testcase classname="backend.tests.test_time_tracking.TestJobTimeTracking" name="test_arrive_invalid_status" time="0.050" /><testcase classname="backend.tests.test_time_tracking.TestJobTimeTracking" name="test_complete_invalid_status" time="0.049" /><testcase classname="backend.tests.test_time_tracking.TestJobTimeTracking" name="test_dispatch_invalid_job" time="0.052" /><testcase classname="backend.tests.test_time_tracking.TestTechnicianMetrics" name="test_get_metrics_empty" time="0.053" /><testcase classname="backend.tests.test_time_tracking.TestTechnicianMetrics" name="test_get_metrics_invalid_id" time="0.046" /><testcase classname="backend.tests.test_time_tracking.TestTechnicianMetrics" name="test_get_metrics_nonexistent" time="0.046" /><testcase classname="backend.tests.test_time_tracking.TestRouteEstimation" name="test_route_estimate" time="0.050" /><testcase classname="backend.tests.test_time_tracking.TestTimeTrackingHistory" name="test_get_history" time="0.057" /><testcase classname="backend.tests.test_time_tracking.TestTimeTrackingHistory" name="test_get_history_invalid_id" time="0.048" /></testsuite></testsuites>