<?xml version="1.0" encoding="utf-8"?><testsuites name="pytest tests"><testsuite name="pytest" errors="0" failures="1" skipped="0" tests="22" time="2.761" timestamp="2026-03-02T06:18:57.882705+00:00" hostname="agent-env-aee4a179-4eb3-4285-b6f5-dd78a8b9c516"><testcase classname="backend.tests.test_time_tracking.TestHealthCheck" name="test_api_health" time="0.185" /><testcase classname="backend.tests.test_time_tracking.TestShiftClockInOut" name="test_start_shift_without_location" time="0.261" /><testcase classname="backend.tests.test_time_tracking.TestShiftClockInOut" name="test_start_shift_with_location" time="0.148" /><testcase classname="backend.tests.test_time_tracking.TestShiftClockInOut" name="test_start_shift_duplicate_error" time="0.212" /><testcase classname="backend.tests.test_time_tracking.TestShiftClockInOut" name="test_end_shift_no_active" time="0.105" /><testcase classname="backend.tests.test_time_tracking.TestShiftClockInOut" name="test_end_shift_success" time="0.161" /><testcase classname="backend.tests.test_time_tracking.TestShiftClockInOut" name="test_get_active_shift_none" time="0.100" /><testcase classname="backend.tests.test_time_tracking.TestShiftClockInOut" name="test_get_active_shift_exists" time="0.205" /><testcase classname="backend.tests.test_time_tracking.TestShiftClockInOut" name="test_invalid_technician_id" time="0.054" /><testcase classname="backend.tests.test_time_tracking.TestShiftClockInOut" name="test_nonexistent_technician" time="0.052" /><testcase classname="backend.tests.test_time_tracking.TestJobTimeTracking" name="test_dispatch_to_job_without_shift" time="0.111" /><testcase classname="backend.tests.test_time_tracking.TestJobTimeTracking" name="test_dispatch_to_job_with_location" time="0.155" /><testcase classname="backend.tests.test_time_tracking.TestJobTimeTracking" name="test_full_job_flow" time="0.326"><failure message="AssertionError: assert 'traveling' == 'on_site'&#10;  &#10;  - on_site&#10;  + traveling">backend/tests/test_time_tracking.py:328: in test_full_job_flow
    assert active_response2.json()["entry"]["status"] == "on_site"
E   AssertionError: assert 'traveling' == 'on_site'
E     
E     - on_site
E     + traveling</failure></testcase><testcase classname="backend.tests.test_time_tracking.TestJobTimeTracking" name="test_arrive_invalid_status" time="0.053" /><testcase classname="backend.tests.test_time_tracking.TestJobTimeTracking" name="test_complete_invalid_status" time="0.067" /><testcase classname="backend.tests.test_time_tracking.TestJobTimeTracking" name="test_dispatch_invalid_job" time="0.073" /><testcase classname="backend.tests.test_time_tracking.TestTechnicianMetrics" name="test_get_metrics_empty" time="0.052" /><testcase classname="backend.tests.test_time_tracking.TestTechnicianMetrics" name="test_get_metrics_invalid_id" time="0.048" /><testcase classname="backend.tests.test_time_tracking.TestTechnicianMetrics" name="test_get_metrics_nonexistent" time="0.053" /><testcase classname="backend.tests.test_time_tracking.TestRouteEstimation" name="test_route_estimate" time="0.049" /><testcase classname="backend.tests.test_time_tracking.TestTimeTrackingHistory" name="test_get_history" time="0.051" /><testcase classname="backend.tests.test_time_tracking.TestTimeTrackingHistory" name="test_get_history_invalid_id" time="0.048" /></testsuite></testsuites>