<?xml version="1.0" encoding="utf-8"?><testsuites name="pytest tests"><testsuite name="pytest" errors="0" failures="4" skipped="0" tests="25" time="2.971" timestamp="2026-03-02T08:16:30.118132+00:00" hostname="agent-env-505d72dc-f065-420c-b6a4-6a33977a973c"><testcase classname="backend.tests.test_rfc002_phase1_2.TestSystemSettings" name="test_get_system_settings" time="0.246" /><testcase classname="backend.tests.test_rfc002_phase1_2.TestSystemSettings" name="test_update_system_settings_tax_rate" time="0.215" /><testcase classname="backend.tests.test_rfc002_phase1_2.TestSystemSettings" name="test_update_system_settings_labor_rate" time="0.150" /><testcase classname="backend.tests.test_rfc002_phase1_2.TestRoles" name="test_get_roles_returns_predefined_roles" time="0.050"><failure message="AssertionError: Missing expected role: office_manager&#10;assert 'office_manager' in ['technician', 'lead_tech', 'dispatcher', 'manager', 'admin', 'accountant', ...]">backend/tests/test_rfc002_phase1_2.py:103: in test_get_roles_returns_predefined_roles
    assert expected in role_names, f"Missing expected role: {expected}"
E   AssertionError: Missing expected role: office_manager
E   assert 'office_manager' in ['technician', 'lead_tech', 'dispatcher', 'manager', 'admin', 'accountant', ...]</failure></testcase><testcase classname="backend.tests.test_rfc002_phase1_2.TestRoles" name="test_roles_have_required_fields" time="0.051" /><testcase classname="backend.tests.test_rfc002_phase1_2.TestLeads" name="test_get_leads_list" time="0.048" /><testcase classname="backend.tests.test_rfc002_phase1_2.TestLeads" name="test_get_leads_with_filtering" time="0.098" /><testcase classname="backend.tests.test_rfc002_phase1_2.TestLeads" name="test_create_lead" time="0.218" /><testcase classname="backend.tests.test_rfc002_phase1_2.TestLeads" name="test_lead_status_workflow" time="0.295" /><testcase classname="backend.tests.test_rfc002_phase1_2.TestLeads" name="test_lead_lost_status" time="0.151" /><testcase classname="backend.tests.test_rfc002_phase1_2.TestLeads" name="test_convert_lead_to_customer" time="0.200" /><testcase classname="backend.tests.test_rfc002_phase1_2.TestLeads" name="test_get_lead_metrics" time="0.050" /><testcase classname="backend.tests.test_rfc002_phase1_2.TestPCBs" name="test_get_pcbs_list" time="0.051" /><testcase classname="backend.tests.test_rfc002_phase1_2.TestPCBs" name="test_create_pcb" time="0.151" /><testcase classname="backend.tests.test_rfc002_phase1_2.TestPCBs" name="test_pcb_status_workflow" time="0.046"><failure message="assert 422 == 200&#10; +  where 422 = &lt;Response [422]&gt;.status_code">backend/tests/test_rfc002_phase1_2.py:348: in test_pcb_status_workflow
    assert create_response.status_code == 200
E   assert 422 == 200
E    +  where 422 = &lt;Response [422]&gt;.status_code</failure></testcase><testcase classname="backend.tests.test_rfc002_phase1_2.TestPCBs" name="test_convert_pcb_to_job" time="0.183"><failure message="AssertionError: Expected 200, got 500: {&quot;detail&quot;:&quot;Internal server error&quot;,&quot;status_code&quot;:500}&#10;assert 500 == 200&#10; +  where 500 = &lt;Response [500]&gt;.status_code">backend/tests/test_rfc002_phase1_2.py:383: in test_convert_pcb_to_job
    assert response.status_code == 200, f"Expected 200, got {response.status_code}: {response.text}"
E   AssertionError: Expected 200, got 500: {"detail":"Internal server error","status_code":500}
E   assert 500 == 200
E    +  where 500 = &lt;Response [500]&gt;.status_code</failure></testcase><testcase classname="backend.tests.test_rfc002_phase1_2.TestPCBs" name="test_get_pcb_metrics" time="0.050" /><testcase classname="backend.tests.test_rfc002_phase1_2.TestProposals" name="test_get_proposals_list" time="0.057" /><testcase classname="backend.tests.test_rfc002_phase1_2.TestProposals" name="test_create_proposal" time="0.107" /><testcase classname="backend.tests.test_rfc002_phase1_2.TestProposals" name="test_add_proposal_option" time="0.104"><failure message="AssertionError: Expected 200, got 500: {&quot;detail&quot;:&quot;Internal server error&quot;,&quot;status_code&quot;:500}&#10;assert 500 == 200&#10; +  where 500 = &lt;Response [500]&gt;.status_code">backend/tests/test_rfc002_phase1_2.py:491: in test_add_proposal_option
    assert response.status_code == 200, f"Expected 200, got {response.status_code}: {response.text}"
E   AssertionError: Expected 200, got 500: {"detail":"Internal server error","status_code":500}
E   assert 500 == 200
E    +  where 500 = &lt;Response [500]&gt;.status_code</failure></testcase><testcase classname="backend.tests.test_rfc002_phase1_2.TestJobTypes" name="test_get_job_types_returns_defaults" time="0.049" /><testcase classname="backend.tests.test_rfc002_phase1_2.TestJobTypes" name="test_job_type_has_required_fields" time="0.048" /><testcase classname="backend.tests.test_rfc002_phase1_2.TestVendors" name="test_get_vendors_list" time="0.047" /><testcase classname="backend.tests.test_rfc002_phase1_2.TestVendors" name="test_create_vendor" time="0.108" /><testcase classname="backend.tests.test_rfc002_phase1_2.TestProposalMetrics" name="test_get_proposal_metrics" time="0.047" /></testsuite></testsuites>