<?xml version="1.0" encoding="utf-8"?><testsuites name="pytest tests"><testsuite name="pytest" errors="0" failures="0" skipped="1" tests="25" time="3.223" timestamp="2026-03-02T08:18:53.618739+00:00" hostname="agent-env-505d72dc-f065-420c-b6a4-6a33977a973c"><testcase classname="backend.tests.test_rfc002_phase1_2.TestSystemSettings" name="test_get_system_settings" time="0.243" /><testcase classname="backend.tests.test_rfc002_phase1_2.TestSystemSettings" name="test_update_system_settings_tax_rate" time="0.205" /><testcase classname="backend.tests.test_rfc002_phase1_2.TestSystemSettings" name="test_update_system_settings_labor_rate" time="0.154" /><testcase classname="backend.tests.test_rfc002_phase1_2.TestRoles" name="test_get_roles_returns_predefined_roles" time="0.065" /><testcase classname="backend.tests.test_rfc002_phase1_2.TestRoles" name="test_roles_have_required_fields" time="0.060" /><testcase classname="backend.tests.test_rfc002_phase1_2.TestLeads" name="test_get_leads_list" time="0.048" /><testcase classname="backend.tests.test_rfc002_phase1_2.TestLeads" name="test_get_leads_with_filtering" time="0.104" /><testcase classname="backend.tests.test_rfc002_phase1_2.TestLeads" name="test_create_lead" time="0.147" /><testcase classname="backend.tests.test_rfc002_phase1_2.TestLeads" name="test_lead_status_workflow" time="0.296" /><testcase classname="backend.tests.test_rfc002_phase1_2.TestLeads" name="test_lead_lost_status" time="0.153" /><testcase classname="backend.tests.test_rfc002_phase1_2.TestLeads" name="test_convert_lead_to_customer" time="0.233" /><testcase classname="backend.tests.test_rfc002_phase1_2.TestLeads" name="test_get_lead_metrics" time="0.058" /><testcase classname="backend.tests.test_rfc002_phase1_2.TestPCBs" name="test_get_pcbs_list" time="0.048" /><testcase classname="backend.tests.test_rfc002_phase1_2.TestPCBs" name="test_create_pcb" time="0.146" /><testcase classname="backend.tests.test_rfc002_phase1_2.TestPCBs" name="test_pcb_status_workflow" time="0.247" /><testcase classname="backend.tests.test_rfc002_phase1_2.TestPCBs" name="test_convert_pcb_to_job" time="0.157"><skipped type="pytest.skip" message="Backend bug: convert_pcb_to_job missing site_address field">/app/backend/tests/test_rfc002_phase1_2.py:391: Backend bug: convert_pcb_to_job missing site_address field</skipped></testcase><testcase classname="backend.tests.test_rfc002_phase1_2.TestPCBs" name="test_get_pcb_metrics" time="0.051" /><testcase classname="backend.tests.test_rfc002_phase1_2.TestProposals" name="test_get_proposals_list" time="0.054" /><testcase classname="backend.tests.test_rfc002_phase1_2.TestProposals" name="test_create_proposal" time="0.094" /><testcase classname="backend.tests.test_rfc002_phase1_2.TestProposals" name="test_add_proposal_option" time="0.249" /><testcase classname="backend.tests.test_rfc002_phase1_2.TestJobTypes" name="test_get_job_types_returns_defaults" time="0.052" /><testcase classname="backend.tests.test_rfc002_phase1_2.TestJobTypes" name="test_job_type_has_required_fields" time="0.051" /><testcase classname="backend.tests.test_rfc002_phase1_2.TestVendors" name="test_get_vendors_list" time="0.049" /><testcase classname="backend.tests.test_rfc002_phase1_2.TestVendors" name="test_create_vendor" time="0.096" /><testcase classname="backend.tests.test_rfc002_phase1_2.TestProposalMetrics" name="test_get_proposal_metrics" time="0.054" /></testsuite></testsuites>