<?xml version="1.0" encoding="utf-8"?><testsuites name="pytest tests"><testsuite name="pytest" errors="0" failures="0" skipped="1" tests="21" time="3.251" timestamp="2026-03-02T20:10:13.053604+00:00" hostname="agent-env-a93f6e69-e811-4291-ad76-0a335b221b5a"><testcase classname="backend.tests.test_sites_projects.TestHealthCheck" name="test_api_health" time="0.257" /><testcase classname="backend.tests.test_sites_projects.TestCustomersAPI" name="test_get_customers_list" time="0.109" /><testcase classname="backend.tests.test_sites_projects.TestCustomersAPI" name="test_get_customers_with_search" time="0.162" /><testcase classname="backend.tests.test_sites_projects.TestSitesAPI" name="test_get_sites_list" time="0.132" /><testcase classname="backend.tests.test_sites_projects.TestSitesAPI" name="test_get_sites_with_type_filter" time="0.106" /><testcase classname="backend.tests.test_sites_projects.TestSitesAPI" name="test_get_sites_with_search" time="0.121" /><testcase classname="backend.tests.test_sites_projects.TestSitesAPI" name="test_get_site_by_id" time="0.181" /><testcase classname="backend.tests.test_sites_projects.TestSitesAPI" name="test_get_site_jobs" time="0.157" /><testcase classname="backend.tests.test_sites_projects.TestSitesAPI" name="test_get_site_equipment" time="0.279" /><testcase classname="backend.tests.test_sites_projects.TestSitesAPI" name="test_migrate_sites_from_jobs" time="0.118" /><testcase classname="backend.tests.test_sites_projects.TestSitesAPI" name="test_get_site_invalid_id" time="0.134" /><testcase classname="backend.tests.test_sites_projects.TestSitesAPI" name="test_get_site_not_found" time="0.142" /><testcase classname="backend.tests.test_sites_projects.TestProjectsAPI" name="test_get_projects_list" time="0.136" /><testcase classname="backend.tests.test_sites_projects.TestProjectsAPI" name="test_get_projects_with_status_filter" time="0.123" /><testcase classname="backend.tests.test_sites_projects.TestProjectsAPI" name="test_get_project_by_id" time="0.210" /><testcase classname="backend.tests.test_sites_projects.TestProjectsAPI" name="test_get_project_gantt_data" time="0.198" /><testcase classname="backend.tests.test_sites_projects.TestProjectsAPI" name="test_get_project_invalid_id" time="0.113" /><testcase classname="backend.tests.test_sites_projects.TestProjectsAPI" name="test_get_project_not_found" time="0.113" /><testcase classname="backend.tests.test_sites_projects.TestSitesCRUD" name="test_create_site_requires_customer" time="0.105" /><testcase classname="backend.tests.test_sites_projects.TestSitesCRUD" name="test_create_and_delete_site" time="0.141"><skipped type="pytest.skip" message="No customers available to test site creation">/app/backend/tests/test_sites_projects.py:286: No customers available to test site creation</skipped></testcase><testcase classname="backend.tests.test_sites_projects.TestJobsAPI" name="test_get_jobs_list" time="0.107" /></testsuite></testsuites>